[0mGET / [32m200[0m 38.605 ms - 7110[0m
[0mGET /users/sign-in [36m304[0m 4.903 ms - -[0m
[0mPOST /users/create-session [36m302[0m 7.650 ms - 46[0m
[0mGET / [32m200[0m 17.642 ms - 11118[0m
[0mGET /users/sign-out [36m302[0m 4.029 ms - 46[0m
[0mGET / [32m200[0m 14.843 ms - 7399[0m
[0mGET / [32m200[0m 38.800 ms - 7110[0m
[0mGET / [36m304[0m 20.280 ms - -[0m
[0mGET /users/sign-in [36m304[0m 4.586 ms - -[0m
[0mGET /users/sign-in [36m304[0m 13.924 ms - -[0m
[0mGET /users/sign-in [36m304[0m 13.795 ms - -[0m
[0mPOST /users/create-session [36m302[0m 14.076 ms - 46[0m
[0mGET / [32m200[0m 25.566 ms - 11118[0m
[0mGET /users/sign-out [36m302[0m 3.308 ms - 46[0m
[0mGET / [32m200[0m 16.076 ms - 7399[0m
[0mGET /users/sign-up [36m304[0m 3.013 ms - -[0m
[0mPOST /users/create [36m302[0m 12.646 ms - 72[0m
[0mGET /users/sign-in [36m304[0m 2.969 ms - -[0m
[0mPOST /users/create-session [36m302[0m 3.113 ms - 46[0m
[0mGET / [32m200[0m 14.439 ms - 10840[0m
[0mPOST /likes/toggle/?id=64f99fbbb0d919aea18d89dd&type=Post [32m200[0m 17.872 ms - 58[0m
[0mPOST /likes/toggle/?id=64f64478629ff1ae65522302&type=Post [32m200[0m 9.839 ms - 58[0m
[0mPOST /likes/toggle/?id=64f64480629ff1ae65522318&type=Comment [32m200[0m 7.505 ms - 58[0m
[0mPOST /likes/toggle/?id=64f99fb5b0d919aea18d89d1&type=Comment [32m200[0m 6.746 ms - 58[0m
[0mPOST /likes/toggle/?id=64f64445629ff1ae655222c6&type=Post [32m200[0m 30.140 ms - 58[0m
[0mPOST /likes/toggle/?id=64f99faeb0d919aea18d89c3&type=Comment [32m200[0m 6.869 ms - 58[0m
[0mGET / [32m200[0m 15.239 ms - 11280[0m
[0mPOST /comments/create [0m-[0m - ms - -[0m
[0mGET / [32m200[0m 16.809 ms - 12010[0m
[0mPOST /comments/create [0m-[0m - ms - -[0m
[0mPOST /posts/create [36m302[0m 6.967 ms - 44[0m
[0mGET / [32m200[0m 17.028 ms - 13871[0m
[0mGET / [32m200[0m 16.908 ms - 13589[0m
[0mPOST /likes/toggle/?id=64f9c5782a357a855075b948&type=Post [32m200[0m 6.523 ms - 58[0m
[0mPOST /likes/toggle/?id=64f99fbbb0d919aea18d89dd&type=Post [32m200[0m 6.537 ms - 57[0m
[0mPOST /likes/toggle/?id=64f99fbbb0d919aea18d89dd&type=Post [32m200[0m 5.586 ms - 58[0m
[0mPOST /likes/toggle/?id=64f9c5732a357a855075b93b&type=Comment [32m200[0m 6.066 ms - 58[0m
[0mPOST /likes/toggle/?id=64f9c56d2a357a855075b92e&type=Comment [32m200[0m 21.710 ms - 58[0m
[0mGET /users/sign-out [36m302[0m 2.859 ms - 46[0m
[0mGET / [32m200[0m 15.479 ms - 9419[0m
[0mGET / [32m200[0m 15.309 ms - 9130[0m
[0mGET /users/profile/64f9c5592a357a855075b8f5 [36m302[0m 1.675 ms - 72[0m
[0mGET /users/sign-in [36m304[0m 3.874 ms - -[0m
[0mGET /users/sign-in [36m304[0m 2.789 ms - -[0m
[0mPOST /users/create-session [36m302[0m 2.984 ms - 46[0m
[0mGET / [32m200[0m 15.117 ms - 13880[0m
[0mGET /users/sign-out [36m302[0m 2.636 ms - 46[0m
[0mGET / [32m200[0m 13.183 ms - 9419[0m
[0mGET / [32m200[0m 14.908 ms - 9130[0m
[0mGET /users/sign-in [36m304[0m 2.781 ms - -[0m
